ISim log file
Running: D:\CA\HW3\Q4\HW3_Q4\ALU_isim_beh.exe -intstyle ise -gui -tclbatch isim.cmd -wdb D:/CA/HW3/Q4/HW3_Q4/ALU_isim_beh.wdb 
ISim P.20131013 (signature 0x7708f090)
This is a Full version of ISim.
Time resolution is 1 ps
# onerror resume
# wave add /
# run 1000 ns
Simulator is doing circuit initialization process.
Finished circuit initialization process.
# isim force add /alu/mcand 0000000000000000 -radix bin
# isim force add /alu/mcand 0000000000000000 -radix bin
# isim force add /alu/mcand 0000000000000000 -radix bin
# isim force add /alu/product 1000000000000000 -radix bin
# isim force add /alu/product 1000000000000000 -radix bin
# run all
# isim force add /alu/mcand 0000000010001100 -radix bin
# isim force add /alu/mcand 0000000010001100 -radix bin
# run all
# isim force add /alu/product 0000000000000000 -radix bin
# isim force add /alu/product 0000000000000000 -radix bin
# run all
# isim force add /alu/in_clk 1 -radix bin -value 1 -radix bin -time 30 ps -repeat 60 ps -cancel 34 ps
# isim force add /alu/in_clk 1 -radix bin -value 1 -radix bin -time 30 ps -repeat 60 ps -cancel 34 ps
# run all
# isim force add /alu/in_clk 1 -radix bin
# isim force add /alu/in_clk 1 -radix bin
# run all
# isim force add /alu/product 10000 -radix bin
# isim force add /alu/product 10000 -radix bin
# run all
# run all
# isim force add /alu/product 1000000010000100 -radix bin
# isim force add /alu/product 1000000010000100 -radix bin
# run all
