Release 14.7 - xst P.20131013 (nt64)
Copyright (c) 1995-2013 Xilinx, Inc.  All rights reserved.
--> Parameter TMPDIR set to xst/projnav.tmp


Total REAL time to Xst completion: 0.00 secs
Total CPU time to Xst completion: 0.10 secs
 
--> Parameter xsthdpdir set to xst


Total REAL time to Xst completion: 0.00 secs
Total CPU time to Xst completion: 0.10 secs
 
--> Reading design: ShiftRightComponent.prj

TABLE OF CONTENTS
  1) Synthesis Options Summary
  2) HDL Compilation
  3) Design Hierarchy Analysis
  4) HDL Analysis
  5) HDL Synthesis
     5.1) HDL Synthesis Report
  6) Advanced HDL Synthesis
     6.1) Advanced HDL Synthesis Report
  7) Low Level Synthesis
  8) Partition Report
  9) Final Report
	9.1) Device utilization summary
	9.2) Partition Resource Summary
	9.3) TIMING REPORT


=========================================================================
*                      Synthesis Options Summary                        *
=========================================================================
---- Source Parameters
Input File Name                    : "ShiftRightComponent.prj"
Input Format                       : mixed
Ignore Synthesis Constraint File   : NO

---- Target Parameters
Output File Name                   : "ShiftRightComponent"
Output Format                      : NGC
Target Device                      : xc3s50-5-pq208

---- Source Options
Top Module Name                    : ShiftRightComponent
Automatic FSM Extraction           : YES
FSM Encoding Algorithm             : Auto
Safe Implementation                : No
FSM Style                          : LUT
RAM Extraction                     : Yes
RAM Style                          : Auto
ROM Extraction                     : Yes
Mux Style                          : Auto
Decoder Extraction                 : YES
Priority Encoder Extraction        : Yes
Shift Register Extraction          : YES
Logical Shifter Extraction         : YES
XOR Collapsing                     : YES
ROM Style                          : Auto
Mux Extraction                     : Yes
Resource Sharing                   : YES
Asynchronous To Synchronous        : NO
Multiplier Style                   : Auto
Automatic Register Balancing       : No

---- Target Options
Add IO Buffers                     : YES
Global Maximum Fanout              : 100000
Add Generic Clock Buffer(BUFG)     : 8
Register Duplication               : YES
Slice Packing                      : YES
Optimize Instantiated Primitives   : NO
Use Clock Enable                   : Yes
Use Synchronous Set                : Yes
Use Synchronous Reset              : Yes
Pack IO Registers into IOBs        : Auto
Equivalent register Removal        : YES

---- General Options
Optimization Goal                  : Speed
Optimization Effort                : 1
Keep Hierarchy                     : No
Netlist Hierarchy                  : As_Optimized
RTL Output                         : Yes
Global Optimization                : AllClockNets
Read Cores                         : YES
Write Timing Constraints           : NO
Cross Clock Analysis               : NO
Hierarchy Separator                : /
Bus Delimiter                      : <>
Case Specifier                     : Maintain
Slice Utilization Ratio            : 100
BRAM Utilization Ratio             : 100
Verilog 2001                       : YES
Auto BRAM Packing                  : NO
Slice Utilization Ratio Delta      : 5

=========================================================================


=========================================================================
*                          HDL Compilation                              *
=========================================================================
Compiling vhdl file "D:/CA/HW3/Q4/HW3_Q4/ShiftRightComponent.vhd" in Library work.
Entity <ShiftRightComponent> compiled.
Entity <ShiftRightComponent> (Architecture <Behavioral>) compiled.

=========================================================================
*                     Design Hierarchy Analysis                         *
=========================================================================
Analyzing hierarchy for entity <ShiftRightComponent> in library <work> (architecture <Behavioral>).


=========================================================================
*                            HDL Analysis                               *
=========================================================================
Analyzing Entity <ShiftRightComponent> in library <work> (Architecture <Behavioral>).
Entity <ShiftRightComponent> analyzed. Unit <ShiftRightComponent> generated.


=========================================================================
*                           HDL Synthesis                               *
=========================================================================

Performing bidirectional port resolution...

Synthesizing Unit <ShiftRightComponent>.
    Related source file is "D:/CA/HW3/Q4/HW3_Q4/ShiftRightComponent.vhd".
WARNING:Xst:647 - Input <Mlier<0>> is never used. This port will be preserved and left unconnected if it belongs to a top-level block or it belongs to a sub-block and the hierarchy of this sub-block is preserved.
    Found 16-bit register for signal <rightShiftedMlier>.
    Summary:
	inferred  16 D-type flip-flop(s).
Unit <ShiftRightComponent> synthesized.


=========================================================================
HDL Synthesis Report

Macro Statistics
# Registers                                            : 1
 16-bit register                                       : 1

=========================================================================

=========================================================================
*                       Advanced HDL Synthesis                          *
=========================================================================

WARNING:Xst:1710 - FF/Latch <rightShiftedMlier_15> (without init value) has a constant value of 0 in block <ShiftRightComponent>. This FF/Latch will be trimmed during the optimization process.
WARNING:Xst:2404 -  FFs/Latches <rightShiftedMlier<15:15>> (without init value) have a constant value of 0 in block <ShiftRightComponent>.

=========================================================================
Advanced HDL Synthesis Report

Macro Statistics
# Registers                                            : 15
 Flip-Flops                                            : 15

=========================================================================

=========================================================================
*                         Low Level Synthesis                           *
=========================================================================

Optimizing unit <ShiftRightComponent> ...

Mapping all equations...
Building and optimizing final netlist ...
Found area constraint ratio of 100 (+ 5) on block ShiftRightComponent, actual ratio is 1.

Final Macro Processing ...

=========================================================================
Final Register Report

Macro Statistics
# Registers                                            : 15
 Flip-Flops                                            : 15

=========================================================================

=========================================================================
*                           Partition Report                            *
=========================================================================

Partition Implementation Status
-------------------------------

  No Partitions were found in this design.

-------------------------------

=========================================================================
*                            Final Report                               *
=========================================================================
Final Results
RTL Top Level Output File Name     : ShiftRightComponent.ngr
Top Level Output File Name         : ShiftRightComponent
Output Format                      : NGC
Optimization Goal                  : Speed
Keep Hierarchy                     : No

Design Statistics
# IOs                              : 33

Cell Usage :
# BELS                             : 1
#      GND                         : 1
# FlipFlops/Latches                : 15
#      FD                          : 15
# Clock Buffers                    : 1
#      BUFGP                       : 1
# IO Buffers                       : 31
#      IBUF                        : 15
#      OBUF                        : 16
=========================================================================

Device utilization summary:
---------------------------

Selected Device : 3s50pq208-5 

 Number of Slices:                        0  out of    768     0%  
 Number of IOs:                          33
 Number of bonded IOBs:                  32  out of    124    25%  
    IOB Flip Flops:                      15
 Number of GCLKs:                         1  out of      8    12%  

---------------------------
Partition Resource Summary:
---------------------------

  No Partitions were found in this design.

---------------------------


=========================================================================
TIMING REPORT

NOTE: THESE TIMING NUMBERS ARE ONLY A SYNTHESIS ESTIMATE.
      FOR ACCURATE TIMING INFORMATION PLEASE REFER TO THE TRACE REPORT
      GENERATED AFTER PLACE-and-ROUTE.

Clock Information:
------------------
-----------------------------------+------------------------+-------+
Clock Signal                       | Clock buffer(FF name)  | Load  |
-----------------------------------+------------------------+-------+
srl_clk                            | BUFGP                  | 15    |
-----------------------------------+------------------------+-------+

Asynchronous Control Signals Information:
----------------------------------------
No asynchronous control signals found in this design

Timing Summary:
---------------
Speed Grade: -5

   Minimum period: No path found
   Minimum input arrival time before clock: 1.572ns
   Maximum output required time after clock: 6.216ns
   Maximum combinational path delay: No path found

Timing Detail:
--------------
All values displayed in nanoseconds (ns)

=========================================================================
Timing constraint: Default OFFSET IN BEFORE for Clock 'srl_clk'
  Total number of paths / destination ports: 15 / 15
-------------------------------------------------------------------------
Offset:              1.572ns (Levels of Logic = 1)
  Source:            Mlier<1> (PAD)
  Destination:       rightShiftedMlier_0 (FF)
  Destination Clock: srl_clk rising

  Data Path: Mlier<1> to rightShiftedMlier_0
                                Gate     Net
    Cell:in->out      fanout   Delay   Delay  Logical Name (Net Name)
    ----------------------------------------  ------------
     IBUF:I->O             1   0.715   0.681  Mlier_1_IBUF (Mlier_1_IBUF)
     FD:D                      0.176          rightShiftedMlier_0
    ----------------------------------------
    Total                      1.572ns (0.891ns logic, 0.681ns route)
                                       (56.7% logic, 43.3% route)

=========================================================================
Timing constraint: Default OFFSET OUT AFTER for Clock 'srl_clk'
  Total number of paths / destination ports: 15 / 15
-------------------------------------------------------------------------
Offset:              6.216ns (Levels of Logic = 1)
  Source:            rightShiftedMlier_14 (FF)
  Destination:       rightShiftedMlier<14> (PAD)
  Source Clock:      srl_clk rising

  Data Path: rightShiftedMlier_14 to rightShiftedMlier<14>
                                Gate     Net
    Cell:in->out      fanout   Delay   Delay  Logical Name (Net Name)
    ----------------------------------------  ------------
     FD:C->Q               1   0.626   0.681  rightShiftedMlier_14 (rightShiftedMlier_14)
     OBUF:I->O                 4.909          rightShiftedMlier_14_OBUF (rightShiftedMlier<14>)
    ----------------------------------------
    Total                      6.216ns (5.535ns logic, 0.681ns route)
                                       (89.0% logic, 11.0% route)

=========================================================================


Total REAL time to Xst completion: 3.00 secs
Total CPU time to Xst completion: 2.91 secs
 
--> 

Total memory usage is 4498860 kilobytes

Number of errors   :    0 (   0 filtered)
Number of warnings :    3 (   0 filtered)
Number of infos    :    0 (   0 filtered)

